android/app/build/intermediates/manifest_merge_blame_file/release/processReleaseMainManifest/manifest-merger-blame-release-report.txt
1<?xml version="1.0" encoding="utf-8"?>
2<manifest xmlns:android="http://schemas.android.com/apk/res/android"
3    package="com.aspirantx.app"
4    android:versionCode="1"
5    android:versionName="1.0" >
6
7    <uses-sdk
8        android:minSdkVersion="24"
9        android:targetSdkVersion="36" />
10
11    <!-- Permissions -->
12
13    <uses-permission android:name="android.permission.INTERNET" />
13-->src\main\AndroidManifest.xml:49:5-67
13-->src\main\AndroidManifest.xml:49:22-64
14
15    <queries>
15-->[:capacitor-browser] AndroidManifest.xml:7:5-11:15
16        <intent>
16-->[:capacitor-browser] AndroidManifest.xml:8:9-10:18
17            <action android:name="android.support.customtabs.action.CustomTabsService" />
17-->[:capacitor-browser] AndroidManifest.xml:9:13-90
17-->[:capacitor-browser] AndroidManifest.xml:9:21-87
18        </intent>
19    </queries>
20
21    <uses-permission android:name="android.permission.RECEIVE_BOOT_COMPLETED" />
21-->[:capacitor-local-notifications] AndroidManifest.xml:7:5-81
21-->[:capacitor-local-notifications] AndroidManifest.xml:7:22-78
22    <uses-permission android:name="android.permission.WAKE_LOCK" />
22-->[:capacitor-local-notifications] AndroidManifest.xml:8:5-68
22-->[:capacitor-local-notifications] AndroidManifest.xml:8:22-65
23    <uses-permission android:name="android.permission.POST_NOTIFICATIONS" />
23-->[:capacitor-local-notifications] AndroidManifest.xml:9:5-77
23-->[:capacitor-local-notifications] AndroidManifest.xml:9:22-74
24    <uses-permission android:name="android.permission.SCHEDULE_EXACT_ALARM" />
24-->[:capacitor-local-notifications] AndroidManifest.xml:10:5-79
24-->[:capacitor-local-notifications] AndroidManifest.xml:10:22-76
25
26    <permission
26-->[androidx.core:core:1.17.0] AndroidManifest.xml:22:5-24:47
27        android:name="com.aspirantx.app.DYNAMIC_RECEIVER_NOT_EXPORTED_PERMISSION"
27-->[androidx.core:core:1.17.0] AndroidManifest.xml:23:9-81
28        android:protectionLevel="signature" />
28-->[androidx.core:core:1.17.0] AndroidManifest.xml:24:9-44
29
30    <uses-permission android:name="com.aspirantx.app.DYNAMIC_RECEIVER_NOT_EXPORTED_PERMISSION" />
30-->[androidx.core:core:1.17.0] AndroidManifest.xml:26:5-97
30-->[androidx.core:core:1.17.0] AndroidManifest.xml:26:22-94
31
32    <application
32-->src\main\AndroidManifest.xml:4:5-45:19
33        android:allowBackup="true"
33-->src\main\AndroidManifest.xml:5:9-35
34        android:appComponentFactory="androidx.core.app.CoreComponentFactory"
34-->[androidx.core:core:1.17.0] AndroidManifest.xml:28:18-86
35        android:extractNativeLibs="false"
36        android:icon="@mipmap/ic_launcher"
36-->src\main\AndroidManifest.xml:7:9-43
37        android:label="@string/app_name"
37-->src\main\AndroidManifest.xml:8:9-41
38        android:roundIcon="@mipmap/ic_launcher_round"
38-->src\main\AndroidManifest.xml:9:9-54
39        android:supportsRtl="true"
39-->src\main\AndroidManifest.xml:10:9-35
40        android:theme="@style/AppTheme"
40-->src\main\AndroidManifest.xml:11:9-40
41        android:usesCleartextTraffic="true" >
41-->src\main\AndroidManifest.xml:6:9-44
42        <activity
42-->src\main\AndroidManifest.xml:13:9-34:20
43            android:name="com.aspirantx.app.MainActivity"
43-->src\main\AndroidManifest.xml:15:13-41
44            android:configChanges="orientation|keyboardHidden|keyboard|screenSize|locale|smallestScreenSize|screenLayout|uiMode|navigation|density"
44-->src\main\AndroidManifest.xml:14:13-148
45            android:exported="true"
45-->src\main\AndroidManifest.xml:19:13-36
46            android:label="@string/title_activity_main"
46-->src\main\AndroidManifest.xml:16:13-56
47            android:launchMode="singleTask"
47-->src\main\AndroidManifest.xml:18:13-44
48            android:theme="@style/AppTheme.NoActionBarLaunch" >
48-->src\main\AndroidManifest.xml:17:13-62
49            <intent-filter>
49-->src\main\AndroidManifest.xml:21:13-24:29
50                <action android:name="android.intent.action.MAIN" />
50-->src\main\AndroidManifest.xml:22:17-69
50-->src\main\AndroidManifest.xml:22:25-66
51
52                <category android:name="android.intent.category.LAUNCHER" />
52-->src\main\AndroidManifest.xml:23:17-77
52-->src\main\AndroidManifest.xml:23:27-74
53            </intent-filter>
54
55            <!-- In-App OAuth Custom URL Scheme for Mobile (Keeps user inside App) -->
56            <intent-filter>
56-->src\main\AndroidManifest.xml:27:13-32:29
57                <action android:name="android.intent.action.VIEW" />
57-->src\main\AndroidManifest.xml:28:17-69
57-->src\main\AndroidManifest.xml:28:25-66
58
59                <category android:name="android.intent.category.DEFAULT" />
59-->src\main\AndroidManifest.xml:29:17-76
59-->src\main\AndroidManifest.xml:29:27-73
60                <category android:name="android.intent.category.BROWSABLE" />
60-->src\main\AndroidManifest.xml:30:17-78
60-->src\main\AndroidManifest.xml:30:27-75
61
62                <data
62-->src\main\AndroidManifest.xml:31:17-77
63                    android:host="*"
63-->src\main\AndroidManifest.xml:31:58-74
64                    android:scheme="com.aspirantx.app" />
64-->src\main\AndroidManifest.xml:31:23-57
65            </intent-filter>
66        </activity>
67
68        <provider
69            android:name="androidx.core.content.FileProvider"
69-->src\main\AndroidManifest.xml:37:13-62
70            android:authorities="com.aspirantx.app.fileprovider"
70-->src\main\AndroidManifest.xml:38:13-64
71            android:exported="false"
71-->src\main\AndroidManifest.xml:39:13-37
72            android:grantUriPermissions="true" >
72-->src\main\AndroidManifest.xml:40:13-47
73            <meta-data
73-->src\main\AndroidManifest.xml:41:13-43:64
74                android:name="android.support.FILE_PROVIDER_PATHS"
74-->src\main\AndroidManifest.xml:42:17-67
75                android:resource="@xml/file_paths" />
75-->src\main\AndroidManifest.xml:43:17-51
76        </provider>
77
78        <activity
78-->[:capacitor-browser] AndroidManifest.xml:14:9-18:75
79            android:name="com.capacitorjs.plugins.browser.BrowserControllerActivity"
79-->[:capacitor-browser] AndroidManifest.xml:15:13-85
80            android:exported="false"
80-->[:capacitor-browser] AndroidManifest.xml:16:13-37
81            android:launchMode="singleTask"
81-->[:capacitor-browser] AndroidManifest.xml:17:13-44
82            android:theme="@android:style/Theme.Translucent.NoTitleBar" />
82-->[:capacitor-browser] AndroidManifest.xml:18:13-72
83
84        <receiver android:name="com.capacitorjs.plugins.localnotifications.TimedNotificationPublisher" />
84-->[:capacitor-local-notifications] AndroidManifest.xml:13:9-106
84-->[:capacitor-local-notifications] AndroidManifest.xml:13:19-103
85        <receiver android:name="com.capacitorjs.plugins.localnotifications.NotificationDismissReceiver" />
85-->[:capacitor-local-notifications] AndroidManifest.xml:14:9-107
85-->[:capacitor-local-notifications] AndroidManifest.xml:14:19-104
86        <receiver
86-->[:capacitor-local-notifications] AndroidManifest.xml:15:9-24:20
87            android:name="com.capacitorjs.plugins.localnotifications.LocalNotificationRestoreReceiver"
87-->[:capacitor-local-notifications] AndroidManifest.xml:16:13-103
88            android:directBootAware="true"
88-->[:capacitor-local-notifications] AndroidManifest.xml:17:13-43
89            android:exported="false" >
89-->[:capacitor-local-notifications] AndroidManifest.xml:18:13-37
90            <intent-filter>
90-->[:capacitor-local-notifications] AndroidManifest.xml:19:13-23:29
91                <action android:name="android.intent.action.LOCKED_BOOT_COMPLETED" />
91-->[:capacitor-local-notifications] AndroidManifest.xml:20:17-86
91-->[:capacitor-local-notifications] AndroidManifest.xml:20:25-83
92                <action android:name="android.intent.action.BOOT_COMPLETED" />
92-->[:capacitor-local-notifications] AndroidManifest.xml:21:17-79
92-->[:capacitor-local-notifications] AndroidManifest.xml:21:25-76
93                <action android:name="android.intent.action.QUICKBOOT_POWERON" />
93-->[:capacitor-local-notifications] AndroidManifest.xml:22:17-82
93-->[:capacitor-local-notifications] AndroidManifest.xml:22:25-79
94            </intent-filter>
95        </receiver>
96
97        <provider
97-->[:capacitor-local-notifications] AndroidManifest.xml:26:9-34:20
98            android:name="com.capacitorjs.plugins.localnotifications.LocalNotificationsAssetProvider"
98-->[:capacitor-local-notifications] AndroidManifest.xml:27:13-102
99            android:authorities="com.aspirantx.app.localnotifications.fileprovider"
99-->[:capacitor-local-notifications] AndroidManifest.xml:28:13-83
100            android:exported="false"
100-->[:capacitor-local-notifications] AndroidManifest.xml:29:13-37
101            android:grantUriPermissions="true" >
101-->[:capacitor-local-notifications] AndroidManifest.xml:30:13-47
102            <meta-data
102-->src\main\AndroidManifest.xml:41:13-43:64
103                android:name="android.support.FILE_PROVIDER_PATHS"
103-->src\main\AndroidManifest.xml:42:17-67
104                android:resource="@xml/localnotifications_provider_paths" />
104-->src\main\AndroidManifest.xml:43:17-51
105        </provider>
106        <provider
106-->[androidx.emoji2:emoji2:1.3.0] AndroidManifest.xml:24:9-32:20
107            android:name="androidx.startup.InitializationProvider"
107-->[androidx.emoji2:emoji2:1.3.0] AndroidManifest.xml:25:13-67
108            android:authorities="com.aspirantx.app.androidx-startup"
108-->[androidx.emoji2:emoji2:1.3.0] AndroidManifest.xml:26:13-68
109            android:exported="false" >
109-->[androidx.emoji2:emoji2:1.3.0] AndroidManifest.xml:27:13-37
110            <meta-data
110-->[androidx.emoji2:emoji2:1.3.0] AndroidManifest.xml:29:13-31:52
111                android:name="androidx.emoji2.text.EmojiCompatInitializer"
111-->[androidx.emoji2:emoji2:1.3.0] AndroidManifest.xml:30:17-75
112                android:value="androidx.startup" />
112-->[androidx.emoji2:emoji2:1.3.0] AndroidManifest.xml:31:17-49
113            <meta-data
113-->[androidx.lifecycle:lifecycle-process:2.6.2] AndroidManifest.xml:29:13-31:52
114                android:name="androidx.lifecycle.ProcessLifecycleInitializer"
114-->[androidx.lifecycle:lifecycle-process:2.6.2] AndroidManifest.xml:30:17-78
115                android:value="androidx.startup" />
115-->[androidx.lifecycle:lifecycle-process:2.6.2] AndroidManifest.xml:31:17-49
116            <meta-data
116-->[androidx.profileinstaller:profileinstaller:1.4.0] AndroidManifest.xml:29:13-31:52
117                android:name="androidx.profileinstaller.ProfileInstallerInitializer"
117-->[androidx.profileinstaller:profileinstaller:1.4.0] AndroidManifest.xml:30:17-85
118                android:value="androidx.startup" />
118-->[androidx.profileinstaller:profileinstaller:1.4.0] AndroidManifest.xml:31:17-49
119        </provider>
120
121        <receiver
121-->[androidx.profileinstaller:profileinstaller:1.4.0] AndroidManifest.xml:34:9-52:20
122            android:name="androidx.profileinstaller.ProfileInstallReceiver"
122-->[androidx.profileinstaller:profileinstaller:1.4.0] AndroidManifest.xml:35:13-76
123            android:directBootAware="false"
123-->[androidx.profileinstaller:profileinstaller:1.4.0] AndroidManifest.xml:36:13-44
124            android:enabled="true"
124-->[androidx.profileinstaller:profileinstaller:1.4.0] AndroidManifest.xml:37:13-35
125            android:exported="true"
125-->[androidx.profileinstaller:profileinstaller:1.4.0] AndroidManifest.xml:38:13-36
126            android:permission="android.permission.DUMP" >
126-->[androidx.profileinstaller:profileinstaller:1.4.0] AndroidManifest.xml:39:13-57
127            <intent-filter>
127-->[androidx.profileinstaller:profileinstaller:1.4.0] AndroidManifest.xml:40:13-42:29
128                <action android:name="androidx.profileinstaller.action.INSTALL_PROFILE" />
128-->[androidx.profileinstaller:profileinstaller:1.4.0] AndroidManifest.xml:41:17-91
128-->[androidx.profileinstaller:profileinstaller:1.4.0] AndroidManifest.xml:41:25-88
129            </intent-filter>
130            <intent-filter>
130-->[androidx.profileinstaller:profileinstaller:1.4.0] AndroidManifest.xml:43:13-45:29
131                <action android:name="androidx.profileinstaller.action.SKIP_FILE" />
131-->[androidx.profileinstaller:profileinstaller:1.4.0] AndroidManifest.xml:44:17-85
131-->[androidx.profileinstaller:profileinstaller:1.4.0] AndroidManifest.xml:44:25-82
132            </intent-filter>
133            <intent-filter>
133-->[androidx.profileinstaller:profileinstaller:1.4.0] AndroidManifest.xml:46:13-48:29
134                <action android:name="androidx.profileinstaller.action.SAVE_PROFILE" />
134-->[androidx.profileinstaller:profileinstaller:1.4.0] AndroidManifest.xml:47:17-88
134-->[androidx.profileinstaller:profileinstaller:1.4.0] AndroidManifest.xml:47:25-85
135            </intent-filter>
136            <intent-filter>
136-->[androidx.profileinstaller:profileinstaller:1.4.0] AndroidManifest.xml:49:13-51:29
137                <action android:name="androidx.profileinstaller.action.BENCHMARK_OPERATION" />
137-->[androidx.profileinstaller:profileinstaller:1.4.0] AndroidManifest.xml:50:17-95
137-->[androidx.profileinstaller:profileinstaller:1.4.0] AndroidManifest.xml:50:25-92
138            </intent-filter>
139        </receiver>
140    </application>
141
142</manifest>